<?xml version="1.0" encoding="UTF-8"?>
<testsuite xmlns:xsi="http://www.w3.org/2001/XMLSchema-instance" xsi:noNamespaceSchemaLocation="https://maven.apache.org/surefire/maven-surefire-plugin/xsd/surefire-test-report-3.0.xsd" version="3.0" name="toDoTest" time="1.371" tests="4" errors="0" skipped="0" failures="0">
  <properties>
[...]
</properties>
  <testcase name="testId4" classname="toDoTest" time="1.032"/>
  <testcase name="testAvailability" classname="toDoTest" time="0.095"/>
  <testcase name="testLatency" classname="toDoTest" time="0.096"/>
  <testcase name="testListing" classname="toDoTest" time="0.132"/>
</testsuite>