<?xml version="1.0" encoding="UTF-8"?>
<testsuite xmlns:xsi="http://www.w3.org/2001/XMLSchema-instance" xsi:noNamespaceSchemaLocation="https://maven.apache.org/surefire/maven-surefire-plugin/xsd/surefire-test-report-3.0.xsd" version="3.0" name="io.github.bonigarcia.webdriver.jupiter.ch04.event_listeners.EventListenerJupiterTest" time="1.315" tests="1" errors="0" skipped="0" failures="0">
  <properties>
[...]
</properties>
  <testcase name="testEventListener" classname="io.github.bonigarcia.webdriver.jupiter.ch04.event_listeners.EventListenerJupiterTest" time="1.312">
    <system-out><![CDATA[2024-03-08 11:22:18 [ForkJoinPool-1-worker-1] DEBUG i.g.bonigarcia.wdm.WebDriverManager.<init>(226) - Using WebDriverManager 5.7.0
2024-03-08 11:22:18 [ForkJoinPool-1-worker-1] DEBUG i.g.b.wdm.cache.ResolutionCache.checkKeyInResolutionCache(186) - Resolution chrome=122 in cache (valid until 12:21:12 08/03/2024 WET)
2024-03-08 11:22:18 [ForkJoinPool-1-worker-1] DEBUG i.g.b.wdm.cache.ResolutionCache.checkKeyInResolutionCache(186) - Resolution chrome122=122.0.6261.111 in cache (valid until 11:21:12 09/03/2024 WET)
2024-03-08 11:22:18 [ForkJoinPool-1-worker-1] INFO  i.g.bonigarcia.wdm.WebDriverManager.resolveDriverVersion(1219) - Using chromedriver 122.0.6261.111 (resolved driver for Chrome 122)
2024-03-08 11:22:18 [ForkJoinPool-1-worker-1] DEBUG i.g.bonigarcia.wdm.WebDriverManager.manage(1178) - Driver chromedriver 122.0.6261.111 found in cache
2024-03-08 11:22:18 [ForkJoinPool-1-worker-1] INFO  i.g.bonigarcia.wdm.WebDriverManager.exportDriver(1281) - Exporting webdriver.chrome.driver as /home/tiago/.cache/selenium/chromedriver/linux64/122.0.6261.111/chromedriver
]]></system-out>
  </testcase>
</testsuite>